Compiling the C compiler identification source file "CMakeCCompilerId.c" failed.
Compiler: /mnt/data/android/sdk/ndk-bundle/toolchains/x86-4.9/prebuilt/linux-x86_64/bin/i686-linux-android-gcc 
Build flags: -isystem;/mnt/data/android/sdk/ndk-bundle/sysroot/usr/include/i686-linux-android;-D__ANDROID_API__=15;-g;-DANDROID;-ffunction-sections;-funwind-tables;-fstack-protector-strong;-no-canonical-prefixes;-mstackrealign;-Wa,--noexecstack;-Wformat;-Werror=format-security;
Id flags: 

The output was:
1
/mnt/data/android/sdk/ndk-bundle/toolchains/x86-4.9/prebuilt/linux-x86_64/bin/../lib/gcc/i686-linux-android/4.9.x/../../../../i686-linux-android/bin/ld: error: cannot open crtbegin_dynamic.o: No such file or directory
/mnt/data/android/sdk/ndk-bundle/toolchains/x86-4.9/prebuilt/linux-x86_64/bin/../lib/gcc/i686-linux-android/4.9.x/../../../../i686-linux-android/bin/ld: error: cannot open crtend_android.o: No such file or directory
/mnt/data/android/sdk/ndk-bundle/toolchains/x86-4.9/prebuilt/linux-x86_64/bin/../lib/gcc/i686-linux-android/4.9.x/../../../../i686-linux-android/bin/ld: error: cannot find -lc
/mnt/data/android/sdk/ndk-bundle/toolchains/x86-4.9/prebuilt/linux-x86_64/bin/../lib/gcc/i686-linux-android/4.9.x/../../../../i686-linux-android/bin/ld: error: cannot find -ldl
collect2: error: ld returned 1 exit status


Compiling the CXX compiler identification source file "CMakeCXXCompilerId.cpp" failed.
Compiler: /mnt/data/android/sdk/ndk-bundle/toolchains/x86-4.9/prebuilt/linux-x86_64/bin/i686-linux-android-g++ 
Build flags: -isystem;/mnt/data/android/sdk/ndk-bundle/sysroot/usr/include/i686-linux-android;-D__ANDROID_API__=15;-g;-DANDROID;-ffunction-sections;-funwind-tables;-fstack-protector-strong;-no-canonical-prefixes;-mstackrealign;-Wa,--noexecstack;-Wformat;-Werror=format-security;;-lopencv_core;-lopencv_imgproc;-lopencv_highgui
Id flags: 

The output was:
1
/mnt/data/android/sdk/ndk-bundle/toolchains/x86-4.9/prebuilt/linux-x86_64/bin/../lib/gcc/i686-linux-android/4.9.x/../../../../i686-linux-android/bin/ld: error: cannot open crtbegin_dynamic.o: No such file or directory
/mnt/data/android/sdk/ndk-bundle/toolchains/x86-4.9/prebuilt/linux-x86_64/bin/../lib/gcc/i686-linux-android/4.9.x/../../../../i686-linux-android/bin/ld: error: cannot open crtend_android.o: No such file or directory
/mnt/data/android/sdk/ndk-bundle/toolchains/x86-4.9/prebuilt/linux-x86_64/bin/../lib/gcc/i686-linux-android/4.9.x/../../../../i686-linux-android/bin/ld: error: cannot find -lopencv_core
/mnt/data/android/sdk/ndk-bundle/toolchains/x86-4.9/prebuilt/linux-x86_64/bin/../lib/gcc/i686-linux-android/4.9.x/../../../../i686-linux-android/bin/ld: error: cannot find -lopencv_imgproc
/mnt/data/android/sdk/ndk-bundle/toolchains/x86-4.9/prebuilt/linux-x86_64/bin/../lib/gcc/i686-linux-android/4.9.x/../../../../i686-linux-android/bin/ld: error: cannot find -lopencv_highgui
/mnt/data/android/sdk/ndk-bundle/toolchains/x86-4.9/prebuilt/linux-x86_64/bin/../lib/gcc/i686-linux-android/4.9.x/../../../../i686-linux-android/bin/ld: error: cannot find -lstdc++
/mnt/data/android/sdk/ndk-bundle/toolchains/x86-4.9/prebuilt/linux-x86_64/bin/../lib/gcc/i686-linux-android/4.9.x/../../../../i686-linux-android/bin/ld: error: cannot find -lm
/mnt/data/android/sdk/ndk-bundle/toolchains/x86-4.9/prebuilt/linux-x86_64/bin/../lib/gcc/i686-linux-android/4.9.x/../../../../i686-linux-android/bin/ld: error: cannot find -lc
/mnt/data/android/sdk/ndk-bundle/toolchains/x86-4.9/prebuilt/linux-x86_64/bin/../lib/gcc/i686-linux-android/4.9.x/../../../../i686-linux-android/bin/ld: error: cannot find -ldl
collect2: error: ld returned 1 exit status


Determining if the CXX compiler works failed with the following output:
Change Dir: /home/gps/StudioProjects/JniTry/app/.externalNativeBuild/cmake/debug/x86/CMakeFiles/CMakeTmp

Run Build Command:"/mnt/data/android/sdk/cmake/3.6.4111459/bin/ninja" "cmTC_46e3c"
[1/2] Building CXX object CMakeFiles/cmTC_46e3c.dir/testCXXCompiler.cxx.o
[2/2] Linking CXX executable cmTC_46e3c
FAILED: : && /mnt/data/android/sdk/ndk-bundle/toolchains/x86-4.9/prebuilt/linux-x86_64/bin/i686-linux-android-g++  --sysroot=/mnt/data/android/sdk/ndk-bundle/sysroot  -isystem /mnt/data/android/sdk/ndk-bundle/sysroot/usr/include/i686-linux-android -D__ANDROID_API__=15 -g -DANDROID -ffunction-sections -funwind-tables -fstack-protector-strong -no-canonical-prefixes -mstackrealign -Wa,--noexecstack -Wformat -Werror=format-security  -lopencv_core -lopencv_imgproc -lopencv_highgui  -Wl,--exclude-libs,libgcc.a -Wl,--exclude-libs,libatomic.a --sysroot /mnt/data/android/sdk/ndk-bundle/platforms/android-15/arch-x86 -Wl,--build-id -Wl,--warn-shared-textrel -Wl,--fatal-warnings -Wl,--no-undefined -Wl,-z,noexecstack -Wl,-z,relro -Wl,-z,now -Wl,--gc-sections -Wl,-z,nocopyreloc CMakeFiles/cmTC_46e3c.dir/testCXXCompiler.cxx.o  -o cmTC_46e3c  -latomic -lm "/mnt/data/android/sdk/ndk-bundle/sources/cxx-stl/gnu-libstdc++/4.9/libs/x86/libgnustl_static.a" && :
/mnt/data/android/sdk/ndk-bundle/toolchains/x86-4.9/prebuilt/linux-x86_64/bin/../lib/gcc/i686-linux-android/4.9.x/../../../../i686-linux-android/bin/ld: error: cannot find -lopencv_core
/mnt/data/android/sdk/ndk-bundle/toolchains/x86-4.9/prebuilt/linux-x86_64/bin/../lib/gcc/i686-linux-android/4.9.x/../../../../i686-linux-android/bin/ld: error: cannot find -lopencv_imgproc
/mnt/data/android/sdk/ndk-bundle/toolchains/x86-4.9/prebuilt/linux-x86_64/bin/../lib/gcc/i686-linux-android/4.9.x/../../../../i686-linux-android/bin/ld: error: cannot find -lopencv_highgui
collect2: error: ld returned 1 exit status
ninja: build stopped: subcommand failed.


