The target system is: Android - 1 - aarch64
The host system is: Linux - 4.15.7-1-ARCH - x86_64
Compiling the C compiler identification source file "CMakeCCompilerId.c" succeeded.
Compiler: /mnt/data/android/sdk/ndk-bundle/toolchains/aarch64-linux-android-4.9/prebuilt/linux-x86_64/bin/aarch64-linux-android-gcc 
Build flags: -isystem;/mnt/data/android/sdk/ndk-bundle/sysroot/usr/include/aarch64-linux-android;-D__ANDROID_API__=21;-g;-DANDROID;-ffunction-sections;-funwind-tables;-fstack-protector-strong;-no-canonical-prefixes;-Wa,--noexecstack;-Wformat;-Werror=format-security;
Id flags: -c

The output was:
0


Compilation of the C compiler identification source "CMakeCCompilerId.c" produced "CMakeCCompilerId.o"

The C compiler identification is GNU, found in "/home/gps/StudioProjects/JniTry/app/.externalNativeBuild/cmake/release/arm64-v8a/CMakeFiles/3.6.0-rc2/CompilerIdC/CMakeCCompilerId.o"

Compiling the CXX compiler identification source file "CMakeCXXCompilerId.cpp" succeeded.
Compiler: /mnt/data/android/sdk/ndk-bundle/toolchains/aarch64-linux-android-4.9/prebuilt/linux-x86_64/bin/aarch64-linux-android-g++ 
Build flags: -isystem;/mnt/data/android/sdk/ndk-bundle/sysroot/usr/include/aarch64-linux-android;-D__ANDROID_API__=21;-g;-DANDROID;-ffunction-sections;-funwind-tables;-fstack-protector-strong;-no-canonical-prefixes;-Wa,--noexecstack;-Wformat;-Werror=format-security;;-lopencv_core;-lopencv_imgproc;-lopencv_highgui
Id flags: -c

The output was:
0


Compilation of the CXX compiler identification source "CMakeCXXCompilerId.cpp" produced "CMakeCXXCompilerId.o"

The CXX compiler identification is GNU, found in "/home/gps/StudioProjects/JniTry/app/.externalNativeBuild/cmake/release/arm64-v8a/CMakeFiles/3.6.0-rc2/CompilerIdCXX/CMakeCXXCompilerId.o"

Determining if the C compiler works passed with the following output:
Change Dir: /home/gps/StudioProjects/JniTry/app/.externalNativeBuild/cmake/release/arm64-v8a/CMakeFiles/CMakeTmp

Run Build Command:"/mnt/data/android/sdk/cmake/3.6.4111459/bin/ninja" "cmTC_35c2b"
[1/2] Building C object CMakeFiles/cmTC_35c2b.dir/testCCompiler.c.o
[2/2] Linking C executable cmTC_35c2b


Detecting C compiler ABI info compiled with the following output:
Change Dir: /home/gps/StudioProjects/JniTry/app/.externalNativeBuild/cmake/release/arm64-v8a/CMakeFiles/CMakeTmp

Run Build Command:"/mnt/data/android/sdk/cmake/3.6.4111459/bin/ninja" "cmTC_50d8d"
[1/2] Building C object CMakeFiles/cmTC_50d8d.dir/CMakeCCompilerABI.c.o
[2/2] Linking C executable cmTC_50d8d
Using built-in specs.
COLLECT_GCC=/mnt/data/android/sdk/ndk-bundle/toolchains/aarch64-linux-android-4.9/prebuilt/linux-x86_64/bin/aarch64-linux-android-gcc
COLLECT_LTO_WRAPPER=/mnt/data/android/sdk/ndk-bundle/toolchains/aarch64-linux-android-4.9/prebuilt/linux-x86_64/bin/../libexec/gcc/aarch64-linux-android/4.9.x/lto-wrapper
Target: aarch64-linux-android
Configured with: /usr/local/google/buildbot/src/android/gcc/toolchain/build/../gcc/gcc-4.9/configure --prefix=/tmp/ec4cb553ef61611c1d388a938c56382a --target=aarch64-linux-android --host=x86_64-linux-gnu --build=x86_64-linux-gnu --with-gnu-as --with-gnu-ld --enable-languages=c,c++ --with-gmp=/buildbot/tmp/build/toolchain/temp-install --with-mpfr=/buildbot/tmp/build/toolchain/temp-install --with-mpc=/buildbot/tmp/build/toolchain/temp-install --with-cloog=/buildbot/tmp/build/toolchain/temp-install --with-isl=/buildbot/tmp/build/toolchain/temp-install --with-ppl=/buildbot/tmp/build/toolchain/temp-install --disable-ppl-version-check --disable-cloog-version-check --disable-isl-version-check --enable-cloog-backend=isl --with-host-libstdcxx='-static-libgcc -Wl,-Bstatic,-lstdc++,-Bdynamic -lm' --disable-libssp --enable-threads --disable-nls --disable-libmudflap --disable-libgomp --disable-libstdc__-v3 --disable-sjlj-exceptions --disable-shared --disable-tls --disable-libitm --enable-bionic-libs --enable-libatomic-ifuncs=no --enable-initfini-array --disable-nls --prefix=/tmp/ec4cb553ef61611c1d388a938c56382a --with-sysroot=/tmp/ec4cb553ef61611c1d388a938c56382a/sysroot --with-binutils-version=2.27 --with-mpfr-version=3.1.1 --with-mpc-version=1.0.1 --with-gmp-version=5.0.5 --with-gcc-version=4.9 --with-gdb-version=none --with-gxx-include-dir=/tmp/ec4cb553ef61611c1d388a938c56382a/include/c++/4.9.x --with-bugurl=http://source.android.com/source/report-bugs.html --enable-languages=c,c++ --disable-bootstrap --enable-plugins --enable-libgomp --enable-gnu-indirect-function --disable-libsanitizer --enable-gold --enable-ld=default --enable-threads --enable-eh-frame-hdr-for-static --enable-fix-cortex-a53-835769 --enable-graphite=yes --with-isl-version=0.11.1 --with-cloog-version=0.18.0 --program-transform-name='s&^&aarch64-linux-android-&' --enable-gold
Thread model: posix
gcc version 4.9.x 20150123 (prerelease) (GCC) 
COMPILER_PATH=/mnt/data/android/sdk/ndk-bundle/toolchains/aarch64-linux-android-4.9/prebuilt/linux-x86_64/bin/../libexec/gcc/aarch64-linux-android/4.9.x/:/mnt/data/android/sdk/ndk-bundle/toolchains/aarch64-linux-android-4.9/prebuilt/linux-x86_64/bin/../libexec/gcc/:/mnt/data/android/sdk/ndk-bundle/toolchains/aarch64-linux-android-4.9/prebuilt/linux-x86_64/bin/../lib/gcc/aarch64-linux-android/4.9.x/../../../../aarch64-linux-android/bin/
LIBRARY_PATH=/mnt/data/android/sdk/ndk-bundle/toolchains/aarch64-linux-android-4.9/prebuilt/linux-x86_64/bin/../lib/gcc/aarch64-linux-android/4.9.x/:/mnt/data/android/sdk/ndk-bundle/toolchains/aarch64-linux-android-4.9/prebuilt/linux-x86_64/bin/../lib/gcc/:/mnt/data/android/sdk/ndk-bundle/toolchains/aarch64-linux-android-4.9/prebuilt/linux-x86_64/bin/../lib/gcc/aarch64-linux-android/4.9.x/../../../../aarch64-linux-android/lib/../lib64/:/mnt/data/android/sdk/ndk-bundle/toolchains/aarch64-linux-android-4.9/prebuilt/linux-x86_64/bin/../lib/gcc/aarch64-linux-android/4.9.x/../../../../aarch64-linux-android/lib/:/mnt/data/android/sdk/ndk-bundle/platforms/android-21/arch-arm64/usr/lib/
COLLECT_GCC_OPTIONS='-isystem' '/mnt/data/android/sdk/ndk-bundle/sysroot/usr/include/aarch64-linux-android' '-D' '__ANDROID_API__=21' '-g' '-D' 'ANDROID' '-ffunction-sections' '-funwind-tables' '-fstack-protector-strong' '-Wformat=1' '-Werror=format-security' '-pie' '-fPIE' '-v' '-o' 'cmTC_50d8d' '-mlittle-endian' '-mabi=lp64'
 /mnt/data/android/sdk/ndk-bundle/toolchains/aarch64-linux-android-4.9/prebuilt/linux-x86_64/bin/../libexec/gcc/aarch64-linux-android/4.9.x/collect2 -plugin /mnt/data/android/sdk/ndk-bundle/toolchains/aarch64-linux-android-4.9/prebuilt/linux-x86_64/bin/../libexec/gcc/aarch64-linux-android/4.9.x/liblto_plugin.so -plugin-opt=/mnt/data/android/sdk/ndk-bundle/toolchains/aarch64-linux-android-4.9/prebuilt/linux-x86_64/bin/../libexec/gcc/aarch64-linux-android/4.9.x/lto-wrapper -plugin-opt=-fresolution=/tmp/ccosYeP4.res -plugin-opt=-pass-through=-lgcc -plugin-opt=-pass-through=-lc -plugin-opt=-pass-through=-ldl -plugin-opt=-pass-through=-lgcc --sysroot=/mnt/data/android/sdk/ndk-bundle/platforms/android-21/arch-arm64 --eh-frame-hdr -dynamic-linker /system/bin/linker64 -X -EL -maarch64linux --fix-cortex-a53-835769 --fix-cortex-a53-843419 -z noexecstack -z relro -z now -pie -o cmTC_50d8d /mnt/data/android/sdk/ndk-bundle/platforms/android-21/arch-arm64/usr/lib/crtbegin_dynamic.o -L/mnt/data/android/sdk/ndk-bundle/toolchains/aarch64-linux-android-4.9/prebuilt/linux-x86_64/bin/../lib/gcc/aarch64-linux-android/4.9.x -L/mnt/data/android/sdk/ndk-bundle/toolchains/aarch64-linux-android-4.9/prebuilt/linux-x86_64/bin/../lib/gcc -L/mnt/data/android/sdk/ndk-bundle/toolchains/aarch64-linux-android-4.9/prebuilt/linux-x86_64/bin/../lib/gcc/aarch64-linux-android/4.9.x/../../../../aarch64-linux-android/lib/../lib64 -L/mnt/data/android/sdk/ndk-bundle/toolchains/aarch64-linux-android-4.9/prebuilt/linux-x86_64/bin/../lib/gcc/aarch64-linux-android/4.9.x/../../../../aarch64-linux-android/lib -L/mnt/data/android/sdk/ndk-bundle/platforms/android-21/arch-arm64/usr/lib --exclude-libs libgcc.a --exclude-libs libatomic.a --build-id --warn-shared-textrel --fatal-warnings --no-undefined -z noexecstack -z relro -z now --gc-sections -z nocopyreloc CMakeFiles/cmTC_50d8d.dir/CMakeCCompilerABI.c.o -lgcc -lc -ldl -lgcc /mnt/data/android/sdk/ndk-bundle/platforms/android-21/arch-arm64/usr/lib/crtend_android.o


Parsed C implicit link information from above output:
  link line regex: [^( *|.*[/\])(aarch64-linux-android-ld|([^/\]+-)?ld|collect2)[^/\]*( |$)]
  ignore line: [Change Dir: /home/gps/StudioProjects/JniTry/app/.externalNativeBuild/cmake/release/arm64-v8a/CMakeFiles/CMakeTmp]
  ignore line: []
  ignore line: [Run Build Command:"/mnt/data/android/sdk/cmake/3.6.4111459/bin/ninja" "cmTC_50d8d"]
  ignore line: [[1/2] Building C object CMakeFiles/cmTC_50d8d.dir/CMakeCCompilerABI.c.o]
  ignore line: [[2/2] Linking C executable cmTC_50d8d]
  ignore line: [Using built-in specs.]
  ignore line: [COLLECT_GCC=/mnt/data/android/sdk/ndk-bundle/toolchains/aarch64-linux-android-4.9/prebuilt/linux-x86_64/bin/aarch64-linux-android-gcc]
  ignore line: [COLLECT_LTO_WRAPPER=/mnt/data/android/sdk/ndk-bundle/toolchains/aarch64-linux-android-4.9/prebuilt/linux-x86_64/bin/../libexec/gcc/aarch64-linux-android/4.9.x/lto-wrapper]
  ignore line: [Target: aarch64-linux-android]
  ignore line: [Configured with: /usr/local/google/buildbot/src/android/gcc/toolchain/build/../gcc/gcc-4.9/configure --prefix=/tmp/ec4cb553ef61611c1d388a938c56382a --target=aarch64-linux-android --host=x86_64-linux-gnu --build=x86_64-linux-gnu --with-gnu-as --with-gnu-ld --enable-languages=c,c++ --with-gmp=/buildbot/tmp/build/toolchain/temp-install --with-mpfr=/buildbot/tmp/build/toolchain/temp-install --with-mpc=/buildbot/tmp/build/toolchain/temp-install --with-cloog=/buildbot/tmp/build/toolchain/temp-install --with-isl=/buildbot/tmp/build/toolchain/temp-install --with-ppl=/buildbot/tmp/build/toolchain/temp-install --disable-ppl-version-check --disable-cloog-version-check --disable-isl-version-check --enable-cloog-backend=isl --with-host-libstdcxx='-static-libgcc -Wl,-Bstatic,-lstdc++,-Bdynamic -lm' --disable-libssp --enable-threads --disable-nls --disable-libmudflap --disable-libgomp --disable-libstdc__-v3 --disable-sjlj-exceptions --disable-shared --disable-tls --disable-libitm --enable-bionic-libs --enable-libatomic-ifuncs=no --enable-initfini-array --disable-nls --prefix=/tmp/ec4cb553ef61611c1d388a938c56382a --with-sysroot=/tmp/ec4cb553ef61611c1d388a938c56382a/sysroot --with-binutils-version=2.27 --with-mpfr-version=3.1.1 --with-mpc-version=1.0.1 --with-gmp-version=5.0.5 --with-gcc-version=4.9 --with-gdb-version=none --with-gxx-include-dir=/tmp/ec4cb553ef61611c1d388a938c56382a/include/c++/4.9.x --with-bugurl=http://source.android.com/source/report-bugs.html --enable-languages=c,c++ --disable-bootstrap --enable-plugins --enable-libgomp --enable-gnu-indirect-function --disable-libsanitizer --enable-gold --enable-ld=default --enable-threads --enable-eh-frame-hdr-for-static --enable-fix-cortex-a53-835769 --enable-graphite=yes --with-isl-version=0.11.1 --with-cloog-version=0.18.0 --program-transform-name='s&^&aarch64-linux-android-&' --enable-gold]
  ignore line: [Thread model: posix]
  ignore line: [gcc version 4.9.x 20150123 (prerelease) (GCC) ]
  ignore line: [COMPILER_PATH=/mnt/data/android/sdk/ndk-bundle/toolchains/aarch64-linux-android-4.9/prebuilt/linux-x86_64/bin/../libexec/gcc/aarch64-linux-android/4.9.x/:/mnt/data/android/sdk/ndk-bundle/toolchains/aarch64-linux-android-4.9/prebuilt/linux-x86_64/bin/../libexec/gcc/:/mnt/data/android/sdk/ndk-bundle/toolchains/aarch64-linux-android-4.9/prebuilt/linux-x86_64/bin/../lib/gcc/aarch64-linux-android/4.9.x/../../../../aarch64-linux-android/bin/]
  ignore line: [LIBRARY_PATH=/mnt/data/android/sdk/ndk-bundle/toolchains/aarch64-linux-android-4.9/prebuilt/linux-x86_64/bin/../lib/gcc/aarch64-linux-android/4.9.x/:/mnt/data/android/sdk/ndk-bundle/toolchains/aarch64-linux-android-4.9/prebuilt/linux-x86_64/bin/../lib/gcc/:/mnt/data/android/sdk/ndk-bundle/toolchains/aarch64-linux-android-4.9/prebuilt/linux-x86_64/bin/../lib/gcc/aarch64-linux-android/4.9.x/../../../../aarch64-linux-android/lib/../lib64/:/mnt/data/android/sdk/ndk-bundle/toolchains/aarch64-linux-android-4.9/prebuilt/linux-x86_64/bin/../lib/gcc/aarch64-linux-android/4.9.x/../../../../aarch64-linux-android/lib/:/mnt/data/android/sdk/ndk-bundle/platforms/android-21/arch-arm64/usr/lib/]
  ignore line: [COLLECT_GCC_OPTIONS='-isystem' '/mnt/data/android/sdk/ndk-bundle/sysroot/usr/include/aarch64-linux-android' '-D' '__ANDROID_API__=21' '-g' '-D' 'ANDROID' '-ffunction-sections' '-funwind-tables' '-fstack-protector-strong' '-Wformat=1' '-Werror=format-security' '-pie' '-fPIE' '-v' '-o' 'cmTC_50d8d' '-mlittle-endian' '-mabi=lp64']
  link line: [ /mnt/data/android/sdk/ndk-bundle/toolchains/aarch64-linux-android-4.9/prebuilt/linux-x86_64/bin/../libexec/gcc/aarch64-linux-android/4.9.x/collect2 -plugin /mnt/data/android/sdk/ndk-bundle/toolchains/aarch64-linux-android-4.9/prebuilt/linux-x86_64/bin/../libexec/gcc/aarch64-linux-android/4.9.x/liblto_plugin.so -plugin-opt=/mnt/data/android/sdk/ndk-bundle/toolchains/aarch64-linux-android-4.9/prebuilt/linux-x86_64/bin/../libexec/gcc/aarch64-linux-android/4.9.x/lto-wrapper -plugin-opt=-fresolution=/tmp/ccosYeP4.res -plugin-opt=-pass-through=-lgcc -plugin-opt=-pass-through=-lc -plugin-opt=-pass-through=-ldl -plugin-opt=-pass-through=-lgcc --sysroot=/mnt/data/android/sdk/ndk-bundle/platforms/android-21/arch-arm64 --eh-frame-hdr -dynamic-linker /system/bin/linker64 -X -EL -maarch64linux --fix-cortex-a53-835769 --fix-cortex-a53-843419 -z noexecstack -z relro -z now -pie -o cmTC_50d8d /mnt/data/android/sdk/ndk-bundle/platforms/android-21/arch-arm64/usr/lib/crtbegin_dynamic.o -L/mnt/data/android/sdk/ndk-bundle/toolchains/aarch64-linux-android-4.9/prebuilt/linux-x86_64/bin/../lib/gcc/aarch64-linux-android/4.9.x -L/mnt/data/android/sdk/ndk-bundle/toolchains/aarch64-linux-android-4.9/prebuilt/linux-x86_64/bin/../lib/gcc -L/mnt/data/android/sdk/ndk-bundle/toolchains/aarch64-linux-android-4.9/prebuilt/linux-x86_64/bin/../lib/gcc/aarch64-linux-android/4.9.x/../../../../aarch64-linux-android/lib/../lib64 -L/mnt/data/android/sdk/ndk-bundle/toolchains/aarch64-linux-android-4.9/prebuilt/linux-x86_64/bin/../lib/gcc/aarch64-linux-android/4.9.x/../../../../aarch64-linux-android/lib -L/mnt/data/android/sdk/ndk-bundle/platforms/android-21/arch-arm64/usr/lib --exclude-libs libgcc.a --exclude-libs libatomic.a --build-id --warn-shared-textrel --fatal-warnings --no-undefined -z noexecstack -z relro -z now --gc-sections -z nocopyreloc CMakeFiles/cmTC_50d8d.dir/CMakeCCompilerABI.c.o -lgcc -lc -ldl -lgcc /mnt/data/android/sdk/ndk-bundle/platforms/android-21/arch-arm64/usr/lib/crtend_android.o]
    arg [/mnt/data/android/sdk/ndk-bundle/toolchains/aarch64-linux-android-4.9/prebuilt/linux-x86_64/bin/../libexec/gcc/aarch64-linux-android/4.9.x/collect2] ==> ignore
    arg [-plugin] ==> ignore
    arg [/mnt/data/android/sdk/ndk-bundle/toolchains/aarch64-linux-android-4.9/prebuilt/linux-x86_64/bin/../libexec/gcc/aarch64-linux-android/4.9.x/liblto_plugin.so] ==> ignore
    arg [-plugin-opt=/mnt/data/android/sdk/ndk-bundle/toolchains/aarch64-linux-android-4.9/prebuilt/linux-x86_64/bin/../libexec/gcc/aarch64-linux-android/4.9.x/lto-wrapper] ==> ignore
    arg [-plugin-opt=-fresolution=/tmp/ccosYeP4.res] ==> ignore
    arg [-plugin-opt=-pass-through=-lgcc] ==> ignore
    arg [-plugin-opt=-pass-through=-lc] ==> ignore
    arg [-plugin-opt=-pass-through=-ldl] ==> ignore
    arg [-plugin-opt=-pass-through=-lgcc] ==> ignore
    arg [--sysroot=/mnt/data/android/sdk/ndk-bundle/platforms/android-21/arch-arm64] ==> ignore
    arg [--eh-frame-hdr] ==> ignore
    arg [-dynamic-linker] ==> ignore
    arg [/system/bin/linker64] ==> ignore
    arg [-X] ==> ignore
    arg [-EL] ==> ignore
    arg [-maarch64linux] ==> ignore
    arg [--fix-cortex-a53-835769] ==> ignore
    arg [--fix-cortex-a53-843419] ==> ignore
    arg [-znoexecstack] ==> ignore
    arg [-zrelro] ==> ignore
    arg [-znow] ==> ignore
    arg [-pie] ==> ignore
    arg [-o] ==> ignore
    arg [cmTC_50d8d] ==> ignore
    arg [/mnt/data/android/sdk/ndk-bundle/platforms/android-21/arch-arm64/usr/lib/crtbegin_dynamic.o] ==> ignore
    arg [-L/mnt/data/android/sdk/ndk-bundle/toolchains/aarch64-linux-android-4.9/prebuilt/linux-x86_64/bin/../lib/gcc/aarch64-linux-android/4.9.x] ==> dir [/mnt/data/android/sdk/ndk-bundle/toolchains/aarch64-linux-android-4.9/prebuilt/linux-x86_64/bin/../lib/gcc/aarch64-linux-android/4.9.x]
    arg [-L/mnt/data/android/sdk/ndk-bundle/toolchains/aarch64-linux-android-4.9/prebuilt/linux-x86_64/bin/../lib/gcc] ==> dir [/mnt/data/android/sdk/ndk-bundle/toolchains/aarch64-linux-android-4.9/prebuilt/linux-x86_64/bin/../lib/gcc]
    arg [-L/mnt/data/android/sdk/ndk-bundle/toolchains/aarch64-linux-android-4.9/prebuilt/linux-x86_64/bin/../lib/gcc/aarch64-linux-android/4.9.x/../../../../aarch64-linux-android/lib/../lib64] ==> dir [/mnt/data/android/sdk/ndk-bundle/toolchains/aarch64-linux-android-4.9/prebuilt/linux-x86_64/bin/../lib/gcc/aarch64-linux-android/4.9.x/../../../../aarch64-linux-android/lib/../lib64]
    arg [-L/mnt/data/android/sdk/ndk-bundle/toolchains/aarch64-linux-android-4.9/prebuilt/linux-x86_64/bin/../lib/gcc/aarch64-linux-android/4.9.x/../../../../aarch64-linux-android/lib] ==> dir [/mnt/data/android/sdk/ndk-bundle/toolchains/aarch64-linux-android-4.9/prebuilt/linux-x86_64/bin/../lib/gcc/aarch64-linux-android/4.9.x/../../../../aarch64-linux-android/lib]
    arg [-L/mnt/data/android/sdk/ndk-bundle/platforms/android-21/arch-arm64/usr/lib] ==> dir [/mnt/data/android/sdk/ndk-bundle/platforms/android-21/arch-arm64/usr/lib]
    arg [--exclude-libs] ==> ignore
    arg [libgcc.a] ==> ignore
    arg [--exclude-libs] ==> ignore
    arg [libatomic.a] ==> ignore
    arg [--build-id] ==> ignore
    arg [--warn-shared-textrel] ==> ignore
    arg [--fatal-warnings] ==> ignore
    arg [--no-undefined] ==> ignore
    arg [-znoexecstack] ==> ignore
    arg [-zrelro] ==> ignore
    arg [-znow] ==> ignore
    arg [--gc-sections] ==> ignore
    arg [-znocopyreloc] ==> ignore
    arg [CMakeFiles/cmTC_50d8d.dir/CMakeCCompilerABI.c.o] ==> ignore
    arg [-lgcc] ==> lib [gcc]
    arg [-lc] ==> lib [c]
    arg [-ldl] ==> lib [dl]
    arg [-lgcc] ==> lib [gcc]
    arg [/mnt/data/android/sdk/ndk-bundle/platforms/android-21/arch-arm64/usr/lib/crtend_android.o] ==> ignore
  remove lib [gcc]
  remove lib [gcc]
  collapse library dir [/mnt/data/android/sdk/ndk-bundle/toolchains/aarch64-linux-android-4.9/prebuilt/linux-x86_64/bin/../lib/gcc/aarch64-linux-android/4.9.x] ==> [/mnt/data/android/sdk/ndk-bundle/toolchains/aarch64-linux-android-4.9/prebuilt/linux-x86_64/lib/gcc/aarch64-linux-android/4.9.x]
  collapse library dir [/mnt/data/android/sdk/ndk-bundle/toolchains/aarch64-linux-android-4.9/prebuilt/linux-x86_64/bin/../lib/gcc] ==> [/mnt/data/android/sdk/ndk-bundle/toolchains/aarch64-linux-android-4.9/prebuilt/linux-x86_64/lib/gcc]
  collapse library dir [/mnt/data/android/sdk/ndk-bundle/toolchains/aarch64-linux-android-4.9/prebuilt/linux-x86_64/bin/../lib/gcc/aarch64-linux-android/4.9.x/../../../../aarch64-linux-android/lib/../lib64] ==> [/mnt/data/android/sdk/ndk-bundle/toolchains/aarch64-linux-android-4.9/prebuilt/linux-x86_64/aarch64-linux-android/lib64]
  collapse library dir [/mnt/data/android/sdk/ndk-bundle/toolchains/aarch64-linux-android-4.9/prebuilt/linux-x86_64/bin/../lib/gcc/aarch64-linux-android/4.9.x/../../../../aarch64-linux-android/lib] ==> [/mnt/data/android/sdk/ndk-bundle/toolchains/aarch64-linux-android-4.9/prebuilt/linux-x86_64/aarch64-linux-android/lib]
  collapse library dir [/mnt/data/android/sdk/ndk-bundle/platforms/android-21/arch-arm64/usr/lib] ==> [/mnt/data/android/sdk/ndk-bundle/platforms/android-21/arch-arm64/usr/lib]
  implicit libs: [c;dl]
  implicit dirs: [/mnt/data/android/sdk/ndk-bundle/toolchains/aarch64-linux-android-4.9/prebuilt/linux-x86_64/lib/gcc/aarch64-linux-android/4.9.x;/mnt/data/android/sdk/ndk-bundle/toolchains/aarch64-linux-android-4.9/prebuilt/linux-x86_64/lib/gcc;/mnt/data/android/sdk/ndk-bundle/toolchains/aarch64-linux-android-4.9/prebuilt/linux-x86_64/aarch64-linux-android/lib64;/mnt/data/android/sdk/ndk-bundle/toolchains/aarch64-linux-android-4.9/prebuilt/linux-x86_64/aarch64-linux-android/lib;/mnt/data/android/sdk/ndk-bundle/platforms/android-21/arch-arm64/usr/lib]
  implicit fwks: []




Detecting C [-std=c11] compiler features compiled with the following output:
Change Dir: /home/gps/StudioProjects/JniTry/app/.externalNativeBuild/cmake/release/arm64-v8a/CMakeFiles/CMakeTmp

Run Build Command:"/mnt/data/android/sdk/cmake/3.6.4111459/bin/ninja" "cmTC_5b4d4"
[1/2] Building C object CMakeFiles/cmTC_5b4d4.dir/feature_tests.c.o
[2/2] Linking C executable cmTC_5b4d4


    Feature record: C_FEATURE:1c_function_prototypes
    Feature record: C_FEATURE:1c_restrict
    Feature record: C_FEATURE:1c_static_assert
    Feature record: C_FEATURE:1c_variadic_macros


Detecting C [-std=c99] compiler features compiled with the following output:
Change Dir: /home/gps/StudioProjects/JniTry/app/.externalNativeBuild/cmake/release/arm64-v8a/CMakeFiles/CMakeTmp

Run Build Command:"/mnt/data/android/sdk/cmake/3.6.4111459/bin/ninja" "cmTC_2769f"
[1/2] Building C object CMakeFiles/cmTC_2769f.dir/feature_tests.c.o
[2/2] Linking C executable cmTC_2769f


    Feature record: C_FEATURE:1c_function_prototypes
    Feature record: C_FEATURE:1c_restrict
    Feature record: C_FEATURE:0c_static_assert
    Feature record: C_FEATURE:1c_variadic_macros


Detecting C [-std=c90] compiler features compiled with the following output:
Change Dir: /home/gps/StudioProjects/JniTry/app/.externalNativeBuild/cmake/release/arm64-v8a/CMakeFiles/CMakeTmp

Run Build Command:"/mnt/data/android/sdk/cmake/3.6.4111459/bin/ninja" "cmTC_260b3"
[1/2] Building C object CMakeFiles/cmTC_260b3.dir/feature_tests.c.o
[2/2] Linking C executable cmTC_260b3


    Feature record: C_FEATURE:1c_function_prototypes
    Feature record: C_FEATURE:0c_restrict
    Feature record: C_FEATURE:0c_static_assert
    Feature record: C_FEATURE:0c_variadic_macros
